C:\snavely\work\teaching\12Fa-CS4670\projects\p3_panoramas\PanoramaSkeleton\ImageLib\.\Debug\ImageLib.lib
C:\snavely\work\teaching\12Fa-CS4670\projects\p3_panoramas\PanoramaSkeleton\ImageLib\Debug\cl.command.1.tlog
C:\snavely\work\teaching\12Fa-CS4670\projects\p3_panoramas\PanoramaSkeleton\ImageLib\Debug\CL.read.1.tlog
C:\snavely\work\teaching\12Fa-CS4670\projects\p3_panoramas\PanoramaSkeleton\ImageLib\Debug\CL.write.1.tlog
C:\SNAVELY\WORK\TEACHING\12FA-CS4670\PROJECTS\P3_PANORAMAS\PANORAMASKELETON\IMAGELIB\DEBUG\CONVERT.OBJ
C:\SNAVELY\WORK\TEACHING\12FA-CS4670\PROJECTS\P3_PANORAMAS\PANORAMASKELETON\IMAGELIB\DEBUG\CONVOLVE.OBJ
C:\SNAVELY\WORK\TEACHING\12FA-CS4670\PROJECTS\P3_PANORAMAS\PANORAMASKELETON\IMAGELIB\DEBUG\FILEIO.OBJ
C:\SNAVELY\WORK\TEACHING\12FA-CS4670\PROJECTS\P3_PANORAMAS\PANORAMASKELETON\IMAGELIB\DEBUG\IMAGE.OBJ
C:\SNAVELY\WORK\TEACHING\12FA-CS4670\PROJECTS\P3_PANORAMAS\PANORAMASKELETON\IMAGELIB\DEBUG\IMAGELIB.LIB
C:\snavely\work\teaching\12Fa-CS4670\projects\p3_panoramas\PanoramaSkeleton\ImageLib\Debug\ImageLib.vcxprojResolveAssemblyReference.cache
C:\snavely\work\teaching\12Fa-CS4670\projects\p3_panoramas\PanoramaSkeleton\ImageLib\Debug\ImageLib.write.1.tlog
C:\snavely\work\teaching\12Fa-CS4670\projects\p3_panoramas\PanoramaSkeleton\ImageLib\Debug\lib.command.1.tlog
C:\snavely\work\teaching\12Fa-CS4670\projects\p3_panoramas\PanoramaSkeleton\ImageLib\Debug\Lib-link.read.1.tlog
C:\snavely\work\teaching\12Fa-CS4670\projects\p3_panoramas\PanoramaSkeleton\ImageLib\Debug\Lib-link.write.1.tlog
C:\SNAVELY\WORK\TEACHING\12FA-CS4670\PROJECTS\P3_PANORAMAS\PANORAMASKELETON\IMAGELIB\DEBUG\PYRAMID.OBJ
C:\SNAVELY\WORK\TEACHING\12FA-CS4670\PROJECTS\P3_PANORAMAS\PANORAMASKELETON\IMAGELIB\DEBUG\REFCNTMEM.OBJ
C:\SNAVELY\WORK\TEACHING\12FA-CS4670\PROJECTS\P3_PANORAMAS\PANORAMASKELETON\IMAGELIB\DEBUG\TRANSFORM.OBJ
C:\snavely\work\teaching\12Fa-CS4670\projects\p3_panoramas\PanoramaSkeleton\ImageLib\Debug\vc100.idb
C:\SNAVELY\WORK\TEACHING\12FA-CS4670\PROJECTS\P3_PANORAMAS\PANORAMASKELETON\IMAGELIB\DEBUG\VC100.PDB
C:\SNAVELY\WORK\TEACHING\12FA-CS4670\PROJECTS\P3_PANORAMAS\PANORAMASKELETON\IMAGELIB\DEBUG\WARPIMAGE.OBJ
C:\SNAVELY\WORK\TEACHING\12FA-CS4670\PROJECTS\P3_PANORAMAS\PANORAMASOLUTION\PANORAMA\IMAGELIB\DEBUG\CONVERT.OBJ
C:\SNAVELY\WORK\TEACHING\12FA-CS4670\PROJECTS\P3_PANORAMAS\PANORAMASOLUTION\PANORAMA\IMAGELIB\DEBUG\CONVOLVE.OBJ
C:\SNAVELY\WORK\TEACHING\12FA-CS4670\PROJECTS\P3_PANORAMAS\PANORAMASOLUTION\PANORAMA\IMAGELIB\DEBUG\FILEIO.OBJ
C:\SNAVELY\WORK\TEACHING\12FA-CS4670\PROJECTS\P3_PANORAMAS\PANORAMASOLUTION\PANORAMA\IMAGELIB\DEBUG\IMAGE.OBJ
C:\SNAVELY\WORK\TEACHING\12FA-CS4670\PROJECTS\P3_PANORAMAS\PANORAMASOLUTION\PANORAMA\IMAGELIB\DEBUG\IMAGELIB.LIB
C:\SNAVELY\WORK\TEACHING\12FA-CS4670\PROJECTS\P3_PANORAMAS\PANORAMASOLUTION\PANORAMA\IMAGELIB\DEBUG\PYRAMID.OBJ
C:\SNAVELY\WORK\TEACHING\12FA-CS4670\PROJECTS\P3_PANORAMAS\PANORAMASOLUTION\PANORAMA\IMAGELIB\DEBUG\REFCNTMEM.OBJ
C:\SNAVELY\WORK\TEACHING\12FA-CS4670\PROJECTS\P3_PANORAMAS\PANORAMASOLUTION\PANORAMA\IMAGELIB\DEBUG\TRANSFORM.OBJ
C:\SNAVELY\WORK\TEACHING\12FA-CS4670\PROJECTS\P3_PANORAMAS\PANORAMASOLUTION\PANORAMA\IMAGELIB\DEBUG\VC100.PDB
C:\SNAVELY\WORK\TEACHING\12FA-CS4670\PROJECTS\P3_PANORAMAS\PANORAMASOLUTION\PANORAMA\IMAGELIB\DEBUG\WARPIMAGE.OBJ
